  AxonaBinReader.cpp
C:\Users\smartin5\Repos\neuro-tools\Axona\CPP\Utils.h(16,26): warning C4244: 'argument': conversion from 'uint64_t' to '_Ty', possible loss of data
C:\Users\smartin5\Repos\neuro-tools\Axona\CPP\Utils.h(16,26): warning C4244:         with
C:\Users\smartin5\Repos\neuro-tools\Axona\CPP\Utils.h(16,26): warning C4244:         [
C:\Users\smartin5\Repos\neuro-tools\Axona\CPP\Utils.h(16,26): warning C4244:             _Ty=char
C:\Users\smartin5\Repos\neuro-tools\Axona\CPP\Utils.h(16,26): warning C4244:         ]
C:\Users\smartin5\Repos\neuro-tools\Axona\CPP\Utils.h(17,26): warning C4244: 'argument': conversion from 'uint64_t' to '_Ty', possible loss of data
C:\Users\smartin5\Repos\neuro-tools\Axona\CPP\Utils.h(17,26): warning C4244:         with
C:\Users\smartin5\Repos\neuro-tools\Axona\CPP\Utils.h(17,26): warning C4244:         [
C:\Users\smartin5\Repos\neuro-tools\Axona\CPP\Utils.h(17,26): warning C4244:             _Ty=char
C:\Users\smartin5\Repos\neuro-tools\Axona\CPP\Utils.h(17,26): warning C4244:         ]
C:\Users\smartin5\Repos\neuro-tools\Axona\CPP\Utils.h(18,26): warning C4244: 'argument': conversion from 'uint64_t' to '_Ty', possible loss of data
C:\Users\smartin5\Repos\neuro-tools\Axona\CPP\Utils.h(18,26): warning C4244:         with
C:\Users\smartin5\Repos\neuro-tools\Axona\CPP\Utils.h(18,26): warning C4244:         [
C:\Users\smartin5\Repos\neuro-tools\Axona\CPP\Utils.h(18,26): warning C4244:             _Ty=char
C:\Users\smartin5\Repos\neuro-tools\Axona\CPP\Utils.h(18,26): warning C4244:         ]
C:\Users\smartin5\Repos\neuro-tools\Axona\CPP\Utils.h(19,26): warning C4244: 'argument': conversion from 'uint64_t' to '_Ty', possible loss of data
C:\Users\smartin5\Repos\neuro-tools\Axona\CPP\Utils.h(19,26): warning C4244:         with
C:\Users\smartin5\Repos\neuro-tools\Axona\CPP\Utils.h(19,26): warning C4244:         [
C:\Users\smartin5\Repos\neuro-tools\Axona\CPP\Utils.h(19,26): warning C4244:             _Ty=char
C:\Users\smartin5\Repos\neuro-tools\Axona\CPP\Utils.h(19,26): warning C4244:         ]
C:\Users\smartin5\Repos\neuro-tools\Axona\CPP\Utils.h(20,26): warning C4244: 'argument': conversion from 'uint64_t' to '_Ty', possible loss of data
C:\Users\smartin5\Repos\neuro-tools\Axona\CPP\Utils.h(20,26): warning C4244:         with
C:\Users\smartin5\Repos\neuro-tools\Axona\CPP\Utils.h(20,26): warning C4244:         [
C:\Users\smartin5\Repos\neuro-tools\Axona\CPP\Utils.h(20,26): warning C4244:             _Ty=char
C:\Users\smartin5\Repos\neuro-tools\Axona\CPP\Utils.h(20,26): warning C4244:         ]
C:\Users\smartin5\Repos\neuro-tools\Axona\CPP\Utils.h(21,26): warning C4244: 'argument': conversion from 'uint64_t' to '_Ty', possible loss of data
C:\Users\smartin5\Repos\neuro-tools\Axona\CPP\Utils.h(21,26): warning C4244:         with
C:\Users\smartin5\Repos\neuro-tools\Axona\CPP\Utils.h(21,26): warning C4244:         [
C:\Users\smartin5\Repos\neuro-tools\Axona\CPP\Utils.h(21,26): warning C4244:             _Ty=char
C:\Users\smartin5\Repos\neuro-tools\Axona\CPP\Utils.h(21,26): warning C4244:         ]
C:\Users\smartin5\Repos\neuro-tools\Axona\CPP\Utils.h(22,20): warning C4244: 'argument': conversion from 'uint64_t' to 'const _Ty', possible loss of data
C:\Users\smartin5\Repos\neuro-tools\Axona\CPP\Utils.h(22,20): warning C4244:         with
C:\Users\smartin5\Repos\neuro-tools\Axona\CPP\Utils.h(22,20): warning C4244:         [
C:\Users\smartin5\Repos\neuro-tools\Axona\CPP\Utils.h(22,20): warning C4244:             _Ty=char
C:\Users\smartin5\Repos\neuro-tools\Axona\CPP\Utils.h(22,20): warning C4244:         ]
C:\Users\smartin5\Repos\neuro-tools\Axona\CPP\Utils.h(22,20): warning C4244: The contents of <charconv> are only available with C++17 or later.
  Generating code
  3 of 298 functions ( 1.0%) were compiled, the rest were copied from previous compilation.
    2 functions were new in current compilation
    4 functions had inline decision re-evaluated but remain unchanged
  Finished generating code
  AxonaBinary.vcxproj -> C:\Users\smartin5\Repos\neuro-tools\Axona\CPP\x64\Release\AxonaBinary.exe
